<?xml version="1.0" encoding="UTF-8"?>
<!-- Generated by org.testng.reporters.JUnitReportReporter -->
<testsuite hostname="ac" failures="0" tests="2" name="testNgTrala.SipCalculatorFunctionality" time="21.623" errors="0" timestamp="2023-03-17T11:14:23 IST" skipped="1">
  <testcase classname="testNgTrala.SipCalculatorFunctionality" name="calculateSIPbyEnteringAllValidInput" time="21.623"/>
  <system-out/>
  <testcase classname="testNgTrala.SipCalculatorFunctionality" name="calculateSIPbyEnteringValidInputWithPercentageSlider">
    <skipped/>
  </testcase> <!-- calculateSIPbyEnteringValidInputWithPercentageSlider -->
  <system-out/>
</testsuite> <!-- testNgTrala.SipCalculatorFunctionality -->
